2022-05-17T13:10:07+00:00 CRITICAL Uncaught Error: Undefined class constant 'instance' in /Users/maciejbialecki/Local Sites/udemy/app/public/wp-content/plugins/u-pizza/includes/pizza.php:12
Stack trace:
#0 /Users/maciejbialecki/Local Sites/udemy/app/public/wp-content/plugins/u-pizza/u-pizza.php(59): U_Pizza::instance()
#1 /Users/maciejbialecki/Local Sites/udemy/app/public/wp-content/plugins/u-pizza/u-pizza.php(53): U_Pizza_Install->include()
#2 /Users/maciejbialecki/Local Sites/udemy/app/public/wp-content/plugins/u-pizza/u-pizza.php(47): U_Pizza_Install->__construct()
#3 /Users/maciejbialecki/Local Sites/udemy/app/public/wp-content/plugins/u-pizza/u-pizza.php(64): U_Pizza_Install::instance()
#4 /Users/maciejbialecki/Local Sites/udemy/app/public/wp-includes/class-wp-hook.php(307): init_plugin_pizza('')
#5 /Users/maciejbialecki/Local Sites/udemy/app/public/wp-includes/class-wp-hook.php(331): WP_Hook->apply_filters(NULL, Array)
#6 /Users/maciejbialecki/Local Sites/udemy/app/public/wp-includes/plugin.php(474): WP_Hook->do_action(Array)
#7 /Users/m in /Users/maciejbialecki/Local Sites/udemy/app/public/wp-content/plugins/u-pizza/includes/pizza.php on line 12

2022-05-17T13:10:11+00:00 CRITICAL Uncaught Error: Undefined class constant 'instance' in /Users/maciejbialecki/Local Sites/udemy/app/public/wp-content/plugins/u-pizza/includes/pizza.php:12
Stack trace:
#0 /Users/maciejbialecki/Local Sites/udemy/app/public/wp-content/plugins/u-pizza/u-pizza.php(59): U_Pizza::instance()
#1 /Users/maciejbialecki/Local Sites/udemy/app/public/wp-content/plugins/u-pizza/u-pizza.php(53): U_Pizza_Install->include()
#2 /Users/maciejbialecki/Local Sites/udemy/app/public/wp-content/plugins/u-pizza/u-pizza.php(47): U_Pizza_Install->__construct()
#3 /Users/maciejbialecki/Local Sites/udemy/app/public/wp-content/plugins/u-pizza/u-pizza.php(64): U_Pizza_Install::instance()
#4 /Users/maciejbialecki/Local Sites/udemy/app/public/wp-includes/class-wp-hook.php(307): init_plugin_pizza('')
#5 /Users/maciejbialecki/Local Sites/udemy/app/public/wp-includes/class-wp-hook.php(331): WP_Hook->apply_filters(NULL, Array)
#6 /Users/maciejbialecki/Local Sites/udemy/app/public/wp-includes/plugin.php(474): WP_Hook->do_action(Array)
#7 /Users/m in /Users/maciejbialecki/Local Sites/udemy/app/public/wp-content/plugins/u-pizza/includes/pizza.php on line 12

2022-05-17T13:10:11+00:00 CRITICAL Uncaught Error: Undefined class constant 'instance' in /Users/maciejbialecki/Local Sites/udemy/app/public/wp-content/plugins/u-pizza/includes/pizza.php:12
Stack trace:
#0 /Users/maciejbialecki/Local Sites/udemy/app/public/wp-content/plugins/u-pizza/u-pizza.php(59): U_Pizza::instance()
#1 /Users/maciejbialecki/Local Sites/udemy/app/public/wp-content/plugins/u-pizza/u-pizza.php(53): U_Pizza_Install->include()
#2 /Users/maciejbialecki/Local Sites/udemy/app/public/wp-content/plugins/u-pizza/u-pizza.php(47): U_Pizza_Install->__construct()
#3 /Users/maciejbialecki/Local Sites/udemy/app/public/wp-content/plugins/u-pizza/u-pizza.php(64): U_Pizza_Install::instance()
#4 /Users/maciejbialecki/Local Sites/udemy/app/public/wp-includes/class-wp-hook.php(307): init_plugin_pizza('')
#5 /Users/maciejbialecki/Local Sites/udemy/app/public/wp-includes/class-wp-hook.php(331): WP_Hook->apply_filters(NULL, Array)
#6 /Users/maciejbialecki/Local Sites/udemy/app/public/wp-includes/plugin.php(474): WP_Hook->do_action(Array)
#7 /Users/m in /Users/maciejbialecki/Local Sites/udemy/app/public/wp-content/plugins/u-pizza/includes/pizza.php on line 12

2022-05-17T13:11:15+00:00 CRITICAL Uncaught Error: Undefined class constant 'instance' in /Users/maciejbialecki/Local Sites/udemy/app/public/wp-content/plugins/u-pizza/includes/pizza.php:12
Stack trace:
#0 /Users/maciejbialecki/Local Sites/udemy/app/public/wp-content/plugins/u-pizza/u-pizza.php(59): U_Pizza::instance()
#1 /Users/maciejbialecki/Local Sites/udemy/app/public/wp-content/plugins/u-pizza/u-pizza.php(53): U_Pizza_Install->include()
#2 /Users/maciejbialecki/Local Sites/udemy/app/public/wp-content/plugins/u-pizza/u-pizza.php(47): U_Pizza_Install->__construct()
#3 /Users/maciejbialecki/Local Sites/udemy/app/public/wp-content/plugins/u-pizza/u-pizza.php(64): U_Pizza_Install::instance()
#4 /Users/maciejbialecki/Local Sites/udemy/app/public/wp-includes/class-wp-hook.php(307): init_plugin_pizza('')
#5 /Users/maciejbialecki/Local Sites/udemy/app/public/wp-includes/class-wp-hook.php(331): WP_Hook->apply_filters(NULL, Array)
#6 /Users/maciejbialecki/Local Sites/udemy/app/public/wp-includes/plugin.php(474): WP_Hook->do_action(Array)
#7 /Users/m in /Users/maciejbialecki/Local Sites/udemy/app/public/wp-content/plugins/u-pizza/includes/pizza.php on line 12

2022-05-17T13:11:16+00:00 CRITICAL Uncaught Error: Undefined class constant 'instance' in /Users/maciejbialecki/Local Sites/udemy/app/public/wp-content/plugins/u-pizza/includes/pizza.php:12
Stack trace:
#0 /Users/maciejbialecki/Local Sites/udemy/app/public/wp-content/plugins/u-pizza/u-pizza.php(59): U_Pizza::instance()
#1 /Users/maciejbialecki/Local Sites/udemy/app/public/wp-content/plugins/u-pizza/u-pizza.php(53): U_Pizza_Install->include()
#2 /Users/maciejbialecki/Local Sites/udemy/app/public/wp-content/plugins/u-pizza/u-pizza.php(47): U_Pizza_Install->__construct()
#3 /Users/maciejbialecki/Local Sites/udemy/app/public/wp-content/plugins/u-pizza/u-pizza.php(64): U_Pizza_Install::instance()
#4 /Users/maciejbialecki/Local Sites/udemy/app/public/wp-includes/class-wp-hook.php(307): init_plugin_pizza('')
#5 /Users/maciejbialecki/Local Sites/udemy/app/public/wp-includes/class-wp-hook.php(331): WP_Hook->apply_filters(NULL, Array)
#6 /Users/maciejbialecki/Local Sites/udemy/app/public/wp-includes/plugin.php(474): WP_Hook->do_action(Array)
#7 /Users/m in /Users/maciejbialecki/Local Sites/udemy/app/public/wp-content/plugins/u-pizza/includes/pizza.php on line 12

2022-05-17T13:15:54+00:00 CRITICAL Uncaught Error: Undefined class constant 'instance' in /Users/maciejbialecki/Local Sites/udemy/app/public/wp-content/plugins/u-pizza/includes/pizza.php:12
Stack trace:
#0 /Users/maciejbialecki/Local Sites/udemy/app/public/wp-content/plugins/u-pizza/u-pizza.php(59): U_Pizza::instance()
#1 /Users/maciejbialecki/Local Sites/udemy/app/public/wp-content/plugins/u-pizza/u-pizza.php(53): U_Pizza_Install->include()
#2 /Users/maciejbialecki/Local Sites/udemy/app/public/wp-content/plugins/u-pizza/u-pizza.php(47): U_Pizza_Install->__construct()
#3 /Users/maciejbialecki/Local Sites/udemy/app/public/wp-content/plugins/u-pizza/u-pizza.php(64): U_Pizza_Install::instance()
#4 /Users/maciejbialecki/Local Sites/udemy/app/public/wp-includes/class-wp-hook.php(307): init_plugin_pizza('')
#5 /Users/maciejbialecki/Local Sites/udemy/app/public/wp-includes/class-wp-hook.php(331): WP_Hook->apply_filters(NULL, Array)
#6 /Users/maciejbialecki/Local Sites/udemy/app/public/wp-includes/plugin.php(474): WP_Hook->do_action(Array)
#7 /Users/m in /Users/maciejbialecki/Local Sites/udemy/app/public/wp-content/plugins/u-pizza/includes/pizza.php on line 12

2022-05-17T13:15:55+00:00 CRITICAL Uncaught Error: Undefined class constant 'instance' in /Users/maciejbialecki/Local Sites/udemy/app/public/wp-content/plugins/u-pizza/includes/pizza.php:12
Stack trace:
#0 /Users/maciejbialecki/Local Sites/udemy/app/public/wp-content/plugins/u-pizza/u-pizza.php(59): U_Pizza::instance()
#1 /Users/maciejbialecki/Local Sites/udemy/app/public/wp-content/plugins/u-pizza/u-pizza.php(53): U_Pizza_Install->include()
#2 /Users/maciejbialecki/Local Sites/udemy/app/public/wp-content/plugins/u-pizza/u-pizza.php(47): U_Pizza_Install->__construct()
#3 /Users/maciejbialecki/Local Sites/udemy/app/public/wp-content/plugins/u-pizza/u-pizza.php(64): U_Pizza_Install::instance()
#4 /Users/maciejbialecki/Local Sites/udemy/app/public/wp-includes/class-wp-hook.php(307): init_plugin_pizza('')
#5 /Users/maciejbialecki/Local Sites/udemy/app/public/wp-includes/class-wp-hook.php(331): WP_Hook->apply_filters(NULL, Array)
#6 /Users/maciejbialecki/Local Sites/udemy/app/public/wp-includes/plugin.php(474): WP_Hook->do_action(Array)
#7 /Users/m in /Users/maciejbialecki/Local Sites/udemy/app/public/wp-content/plugins/u-pizza/includes/pizza.php on line 12

2022-05-17T13:16:17+00:00 CRITICAL Uncaught Error: Undefined class constant 'instance' in /Users/maciejbialecki/Local Sites/udemy/app/public/wp-content/plugins/u-pizza/includes/pizza.php:12
Stack trace:
#0 /Users/maciejbialecki/Local Sites/udemy/app/public/wp-content/plugins/u-pizza/u-pizza.php(59): U_Pizza::instance()
#1 /Users/maciejbialecki/Local Sites/udemy/app/public/wp-content/plugins/u-pizza/u-pizza.php(53): U_Pizza_Install->include()
#2 /Users/maciejbialecki/Local Sites/udemy/app/public/wp-content/plugins/u-pizza/u-pizza.php(47): U_Pizza_Install->__construct()
#3 /Users/maciejbialecki/Local Sites/udemy/app/public/wp-content/plugins/u-pizza/u-pizza.php(64): U_Pizza_Install::instance()
#4 /Users/maciejbialecki/Local Sites/udemy/app/public/wp-includes/class-wp-hook.php(307): init_plugin_pizza('')
#5 /Users/maciejbialecki/Local Sites/udemy/app/public/wp-includes/class-wp-hook.php(331): WP_Hook->apply_filters(NULL, Array)
#6 /Users/maciejbialecki/Local Sites/udemy/app/public/wp-includes/plugin.php(474): WP_Hook->do_action(Array)
#7 /Users/m in /Users/maciejbialecki/Local Sites/udemy/app/public/wp-content/plugins/u-pizza/includes/pizza.php on line 12

2022-05-17T13:16:17+00:00 CRITICAL Uncaught Error: Undefined class constant 'instance' in /Users/maciejbialecki/Local Sites/udemy/app/public/wp-content/plugins/u-pizza/includes/pizza.php:12
Stack trace:
#0 /Users/maciejbialecki/Local Sites/udemy/app/public/wp-content/plugins/u-pizza/u-pizza.php(59): U_Pizza::instance()
#1 /Users/maciejbialecki/Local Sites/udemy/app/public/wp-content/plugins/u-pizza/u-pizza.php(53): U_Pizza_Install->include()
#2 /Users/maciejbialecki/Local Sites/udemy/app/public/wp-content/plugins/u-pizza/u-pizza.php(47): U_Pizza_Install->__construct()
#3 /Users/maciejbialecki/Local Sites/udemy/app/public/wp-content/plugins/u-pizza/u-pizza.php(64): U_Pizza_Install::instance()
#4 /Users/maciejbialecki/Local Sites/udemy/app/public/wp-includes/class-wp-hook.php(307): init_plugin_pizza('')
#5 /Users/maciejbialecki/Local Sites/udemy/app/public/wp-includes/class-wp-hook.php(331): WP_Hook->apply_filters(NULL, Array)
#6 /Users/maciejbialecki/Local Sites/udemy/app/public/wp-includes/plugin.php(474): WP_Hook->do_action(Array)
#7 /Users/m in /Users/maciejbialecki/Local Sites/udemy/app/public/wp-content/plugins/u-pizza/includes/pizza.php on line 12

2022-05-17T13:17:03+00:00 CRITICAL Uncaught Error: Undefined class constant 'instance' in /Users/maciejbialecki/Local Sites/udemy/app/public/wp-content/plugins/u-pizza/includes/pizza.php:12
Stack trace:
#0 /Users/maciejbialecki/Local Sites/udemy/app/public/wp-content/plugins/u-pizza/u-pizza.php(59): U_Pizza::instance()
#1 /Users/maciejbialecki/Local Sites/udemy/app/public/wp-content/plugins/u-pizza/u-pizza.php(53): U_Pizza_Install->include()
#2 /Users/maciejbialecki/Local Sites/udemy/app/public/wp-content/plugins/u-pizza/u-pizza.php(47): U_Pizza_Install->__construct()
#3 /Users/maciejbialecki/Local Sites/udemy/app/public/wp-content/plugins/u-pizza/u-pizza.php(64): U_Pizza_Install::instance()
#4 /Users/maciejbialecki/Local Sites/udemy/app/public/wp-includes/class-wp-hook.php(307): init_plugin_pizza('')
#5 /Users/maciejbialecki/Local Sites/udemy/app/public/wp-includes/class-wp-hook.php(331): WP_Hook->apply_filters(NULL, Array)
#6 /Users/maciejbialecki/Local Sites/udemy/app/public/wp-includes/plugin.php(474): WP_Hook->do_action(Array)
#7 /Users/m in /Users/maciejbialecki/Local Sites/udemy/app/public/wp-content/plugins/u-pizza/includes/pizza.php on line 12

2022-05-17T13:17:05+00:00 CRITICAL Uncaught Error: Undefined class constant 'instance' in /Users/maciejbialecki/Local Sites/udemy/app/public/wp-content/plugins/u-pizza/includes/pizza.php:12
Stack trace:
#0 /Users/maciejbialecki/Local Sites/udemy/app/public/wp-content/plugins/u-pizza/u-pizza.php(59): U_Pizza::instance()
#1 /Users/maciejbialecki/Local Sites/udemy/app/public/wp-content/plugins/u-pizza/u-pizza.php(53): U_Pizza_Install->include()
#2 /Users/maciejbialecki/Local Sites/udemy/app/public/wp-content/plugins/u-pizza/u-pizza.php(47): U_Pizza_Install->__construct()
#3 /Users/maciejbialecki/Local Sites/udemy/app/public/wp-content/plugins/u-pizza/u-pizza.php(64): U_Pizza_Install::instance()
#4 /Users/maciejbialecki/Local Sites/udemy/app/public/wp-includes/class-wp-hook.php(307): init_plugin_pizza('')
#5 /Users/maciejbialecki/Local Sites/udemy/app/public/wp-includes/class-wp-hook.php(331): WP_Hook->apply_filters(NULL, Array)
#6 /Users/maciejbialecki/Local Sites/udemy/app/public/wp-includes/plugin.php(474): WP_Hook->do_action(Array)
#7 /Users/m in /Users/maciejbialecki/Local Sites/udemy/app/public/wp-content/plugins/u-pizza/includes/pizza.php on line 12

2022-05-17T13:17:05+00:00 CRITICAL Uncaught Error: Undefined class constant 'instance' in /Users/maciejbialecki/Local Sites/udemy/app/public/wp-content/plugins/u-pizza/includes/pizza.php:12
Stack trace:
#0 /Users/maciejbialecki/Local Sites/udemy/app/public/wp-content/plugins/u-pizza/u-pizza.php(59): U_Pizza::instance()
#1 /Users/maciejbialecki/Local Sites/udemy/app/public/wp-content/plugins/u-pizza/u-pizza.php(53): U_Pizza_Install->include()
#2 /Users/maciejbialecki/Local Sites/udemy/app/public/wp-content/plugins/u-pizza/u-pizza.php(47): U_Pizza_Install->__construct()
#3 /Users/maciejbialecki/Local Sites/udemy/app/public/wp-content/plugins/u-pizza/u-pizza.php(64): U_Pizza_Install::instance()
#4 /Users/maciejbialecki/Local Sites/udemy/app/public/wp-includes/class-wp-hook.php(307): init_plugin_pizza('')
#5 /Users/maciejbialecki/Local Sites/udemy/app/public/wp-includes/class-wp-hook.php(331): WP_Hook->apply_filters(NULL, Array)
#6 /Users/maciejbialecki/Local Sites/udemy/app/public/wp-includes/plugin.php(474): WP_Hook->do_action(Array)
#7 /Users/m in /Users/maciejbialecki/Local Sites/udemy/app/public/wp-content/plugins/u-pizza/includes/pizza.php on line 12

2022-05-17T13:18:20+00:00 CRITICAL Uncaught Error: Undefined class constant 'instance' in /Users/maciejbialecki/Local Sites/udemy/app/public/wp-content/plugins/u-pizza/includes/pizza.php:12
Stack trace:
#0 /Users/maciejbialecki/Local Sites/udemy/app/public/wp-content/plugins/u-pizza/u-pizza.php(61): U_Pizza::instance()
#1 /Users/maciejbialecki/Local Sites/udemy/app/public/wp-content/plugins/u-pizza/u-pizza.php(55): U_Pizza_Install->include()
#2 /Users/maciejbialecki/Local Sites/udemy/app/public/wp-content/plugins/u-pizza/u-pizza.php(48): U_Pizza_Install->__construct()
#3 /Users/maciejbialecki/Local Sites/udemy/app/public/wp-content/plugins/u-pizza/u-pizza.php(67): U_Pizza_Install::instance()
#4 /Users/maciejbialecki/Local Sites/udemy/app/public/wp-includes/class-wp-hook.php(307): init_plugin_pizza('')
#5 /Users/maciejbialecki/Local Sites/udemy/app/public/wp-includes/class-wp-hook.php(331): WP_Hook->apply_filters(NULL, Array)
#6 /Users/maciejbialecki/Local Sites/udemy/app/public/wp-includes/plugin.php(474): WP_Hook->do_action(Array)
#7 /Users/m in /Users/maciejbialecki/Local Sites/udemy/app/public/wp-content/plugins/u-pizza/includes/pizza.php on line 12

2022-05-17T13:18:20+00:00 CRITICAL Uncaught Error: Undefined class constant 'instance' in /Users/maciejbialecki/Local Sites/udemy/app/public/wp-content/plugins/u-pizza/includes/pizza.php:12
Stack trace:
#0 /Users/maciejbialecki/Local Sites/udemy/app/public/wp-content/plugins/u-pizza/u-pizza.php(61): U_Pizza::instance()
#1 /Users/maciejbialecki/Local Sites/udemy/app/public/wp-content/plugins/u-pizza/u-pizza.php(55): U_Pizza_Install->include()
#2 /Users/maciejbialecki/Local Sites/udemy/app/public/wp-content/plugins/u-pizza/u-pizza.php(48): U_Pizza_Install->__construct()
#3 /Users/maciejbialecki/Local Sites/udemy/app/public/wp-content/plugins/u-pizza/u-pizza.php(67): U_Pizza_Install::instance()
#4 /Users/maciejbialecki/Local Sites/udemy/app/public/wp-includes/class-wp-hook.php(307): init_plugin_pizza('')
#5 /Users/maciejbialecki/Local Sites/udemy/app/public/wp-includes/class-wp-hook.php(331): WP_Hook->apply_filters(NULL, Array)
#6 /Users/maciejbialecki/Local Sites/udemy/app/public/wp-includes/plugin.php(474): WP_Hook->do_action(Array)
#7 /Users/m in /Users/maciejbialecki/Local Sites/udemy/app/public/wp-content/plugins/u-pizza/includes/pizza.php on line 12

2022-05-17T13:23:55+00:00 CRITICAL Uncaught Error: Undefined class constant 'instance' in /Users/maciejbialecki/Local Sites/udemy/app/public/wp-content/plugins/u-pizza/u-pizza.php:50
Stack trace:
#0 /Users/maciejbialecki/Local Sites/udemy/app/public/wp-content/plugins/u-pizza/u-pizza.php(67): U_Pizza_Install::instance()
#1 /Users/maciejbialecki/Local Sites/udemy/app/public/wp-includes/class-wp-hook.php(307): init_plugin_pizza('')
#2 /Users/maciejbialecki/Local Sites/udemy/app/public/wp-includes/class-wp-hook.php(331): WP_Hook->apply_filters(NULL, Array)
#3 /Users/maciejbialecki/Local Sites/udemy/app/public/wp-includes/plugin.php(474): WP_Hook->do_action(Array)
#4 /Users/maciejbialecki/Local Sites/udemy/app/public/wp-settings.php(450): do_action('plugins_loaded')
#5 /Users/maciejbialecki/Local Sites/udemy/app/public/wp-config.php(91): require_once('/Users/maciejbi...')
#6 /Users/maciejbialecki/Local Sites/udemy/app/public/wp-load.php(50): require_once('/Users/maciejbi...')
#7 /Users/maciejbialecki/Local Sites/udemy/app/public/wp-admin/admin.php in /Users/maciejbialecki/Local Sites/udemy/app/public/wp-content/plugins/u-pizza/u-pizza.php on line 50

2022-05-17T13:23:55+00:00 CRITICAL Uncaught Error: Undefined class constant 'instance' in /Users/maciejbialecki/Local Sites/udemy/app/public/wp-content/plugins/u-pizza/u-pizza.php:50
Stack trace:
#0 /Users/maciejbialecki/Local Sites/udemy/app/public/wp-content/plugins/u-pizza/u-pizza.php(67): U_Pizza_Install::instance()
#1 /Users/maciejbialecki/Local Sites/udemy/app/public/wp-includes/class-wp-hook.php(307): init_plugin_pizza('')
#2 /Users/maciejbialecki/Local Sites/udemy/app/public/wp-includes/class-wp-hook.php(331): WP_Hook->apply_filters(NULL, Array)
#3 /Users/maciejbialecki/Local Sites/udemy/app/public/wp-includes/plugin.php(474): WP_Hook->do_action(Array)
#4 /Users/maciejbialecki/Local Sites/udemy/app/public/wp-settings.php(450): do_action('plugins_loaded')
#5 /Users/maciejbialecki/Local Sites/udemy/app/public/wp-config.php(91): require_once('/Users/maciejbi...')
#6 /Users/maciejbialecki/Local Sites/udemy/app/public/wp-load.php(50): require_once('/Users/maciejbi...')
#7 /Users/maciejbialecki/Local Sites/udemy/app/public/wp-blog-header.php in /Users/maciejbialecki/Local Sites/udemy/app/public/wp-content/plugins/u-pizza/u-pizza.php on line 50

2022-05-17T13:25:43+00:00 CRITICAL Uncaught Error: Undefined class constant 'instance' in /Users/maciejbialecki/Local Sites/udemy/app/public/wp-content/plugins/u-pizza/u-pizza.php:50
Stack trace:
#0 /Users/maciejbialecki/Local Sites/udemy/app/public/wp-content/plugins/u-pizza/u-pizza.php(67): U_Pizza_Install::instance()
#1 /Users/maciejbialecki/Local Sites/udemy/app/public/wp-includes/class-wp-hook.php(307): init_plugin_pizza('')
#2 /Users/maciejbialecki/Local Sites/udemy/app/public/wp-includes/class-wp-hook.php(331): WP_Hook->apply_filters(NULL, Array)
#3 /Users/maciejbialecki/Local Sites/udemy/app/public/wp-includes/plugin.php(474): WP_Hook->do_action(Array)
#4 /Users/maciejbialecki/Local Sites/udemy/app/public/wp-settings.php(450): do_action('plugins_loaded')
#5 /Users/maciejbialecki/Local Sites/udemy/app/public/wp-config.php(91): require_once('/Users/maciejbi...')
#6 /Users/maciejbialecki/Local Sites/udemy/app/public/wp-load.php(50): require_once('/Users/maciejbi...')
#7 /Users/maciejbialecki/Local Sites/udemy/app/public/wp-admin/admin.php in /Users/maciejbialecki/Local Sites/udemy/app/public/wp-content/plugins/u-pizza/u-pizza.php on line 50

2022-05-17T13:25:43+00:00 CRITICAL Uncaught Error: Undefined class constant 'instance' in /Users/maciejbialecki/Local Sites/udemy/app/public/wp-content/plugins/u-pizza/u-pizza.php:50
Stack trace:
#0 /Users/maciejbialecki/Local Sites/udemy/app/public/wp-content/plugins/u-pizza/u-pizza.php(67): U_Pizza_Install::instance()
#1 /Users/maciejbialecki/Local Sites/udemy/app/public/wp-includes/class-wp-hook.php(307): init_plugin_pizza('')
#2 /Users/maciejbialecki/Local Sites/udemy/app/public/wp-includes/class-wp-hook.php(331): WP_Hook->apply_filters(NULL, Array)
#3 /Users/maciejbialecki/Local Sites/udemy/app/public/wp-includes/plugin.php(474): WP_Hook->do_action(Array)
#4 /Users/maciejbialecki/Local Sites/udemy/app/public/wp-settings.php(450): do_action('plugins_loaded')
#5 /Users/maciejbialecki/Local Sites/udemy/app/public/wp-config.php(91): require_once('/Users/maciejbi...')
#6 /Users/maciejbialecki/Local Sites/udemy/app/public/wp-load.php(50): require_once('/Users/maciejbi...')
#7 /Users/maciejbialecki/Local Sites/udemy/app/public/wp-blog-header.php in /Users/maciejbialecki/Local Sites/udemy/app/public/wp-content/plugins/u-pizza/u-pizza.php on line 50

2022-05-17T13:25:52+00:00 CRITICAL Uncaught Error: Undefined class constant 'instance' in /Users/maciejbialecki/Local Sites/udemy/app/public/wp-content/plugins/u-pizza/u-pizza.php:50
Stack trace:
#0 /Users/maciejbialecki/Local Sites/udemy/app/public/wp-content/plugins/u-pizza/u-pizza.php(67): U_Pizza_Install::instance()
#1 /Users/maciejbialecki/Local Sites/udemy/app/public/wp-includes/class-wp-hook.php(307): init_plugin_pizza('')
#2 /Users/maciejbialecki/Local Sites/udemy/app/public/wp-includes/class-wp-hook.php(331): WP_Hook->apply_filters(NULL, Array)
#3 /Users/maciejbialecki/Local Sites/udemy/app/public/wp-includes/plugin.php(474): WP_Hook->do_action(Array)
#4 /Users/maciejbialecki/Local Sites/udemy/app/public/wp-settings.php(450): do_action('plugins_loaded')
#5 /Users/maciejbialecki/Local Sites/udemy/app/public/wp-config.php(91): require_once('/Users/maciejbi...')
#6 /Users/maciejbialecki/Local Sites/udemy/app/public/wp-load.php(50): require_once('/Users/maciejbi...')
#7 /Users/maciejbialecki/Local Sites/udemy/app/public/wp-admin/admin.php in /Users/maciejbialecki/Local Sites/udemy/app/public/wp-content/plugins/u-pizza/u-pizza.php on line 50

2022-05-17T13:25:53+00:00 CRITICAL Uncaught Error: Undefined class constant 'instance' in /Users/maciejbialecki/Local Sites/udemy/app/public/wp-content/plugins/u-pizza/u-pizza.php:50
Stack trace:
#0 /Users/maciejbialecki/Local Sites/udemy/app/public/wp-content/plugins/u-pizza/u-pizza.php(67): U_Pizza_Install::instance()
#1 /Users/maciejbialecki/Local Sites/udemy/app/public/wp-includes/class-wp-hook.php(307): init_plugin_pizza('')
#2 /Users/maciejbialecki/Local Sites/udemy/app/public/wp-includes/class-wp-hook.php(331): WP_Hook->apply_filters(NULL, Array)
#3 /Users/maciejbialecki/Local Sites/udemy/app/public/wp-includes/plugin.php(474): WP_Hook->do_action(Array)
#4 /Users/maciejbialecki/Local Sites/udemy/app/public/wp-settings.php(450): do_action('plugins_loaded')
#5 /Users/maciejbialecki/Local Sites/udemy/app/public/wp-config.php(91): require_once('/Users/maciejbi...')
#6 /Users/maciejbialecki/Local Sites/udemy/app/public/wp-load.php(50): require_once('/Users/maciejbi...')
#7 /Users/maciejbialecki/Local Sites/udemy/app/public/wp-blog-header.php in /Users/maciejbialecki/Local Sites/udemy/app/public/wp-content/plugins/u-pizza/u-pizza.php on line 50

2022-05-17T13:31:24+00:00 CRITICAL Uncaught Error: Undefined class constant 'instance' in /Users/maciejbialecki/Local Sites/udemy/app/public/wp-content/plugins/u-pizza/u-pizza.php:52
Stack trace:
#0 /Users/maciejbialecki/Local Sites/udemy/app/public/wp-content/plugins/u-pizza/u-pizza.php(69): U_Pizza_Install::instance()
#1 /Users/maciejbialecki/Local Sites/udemy/app/public/wp-includes/class-wp-hook.php(307): init_plugin_pizza('')
#2 /Users/maciejbialecki/Local Sites/udemy/app/public/wp-includes/class-wp-hook.php(331): WP_Hook->apply_filters(NULL, Array)
#3 /Users/maciejbialecki/Local Sites/udemy/app/public/wp-includes/plugin.php(474): WP_Hook->do_action(Array)
#4 /Users/maciejbialecki/Local Sites/udemy/app/public/wp-settings.php(450): do_action('plugins_loaded')
#5 /Users/maciejbialecki/Local Sites/udemy/app/public/wp-config.php(91): require_once('/Users/maciejbi...')
#6 /Users/maciejbialecki/Local Sites/udemy/app/public/wp-load.php(50): require_once('/Users/maciejbi...')
#7 /Users/maciejbialecki/Local Sites/udemy/app/public/wp-admin/admin.php in /Users/maciejbialecki/Local Sites/udemy/app/public/wp-content/plugins/u-pizza/u-pizza.php on line 52

2022-05-17T13:31:25+00:00 CRITICAL Uncaught Error: Undefined class constant 'instance' in /Users/maciejbialecki/Local Sites/udemy/app/public/wp-content/plugins/u-pizza/u-pizza.php:52
Stack trace:
#0 /Users/maciejbialecki/Local Sites/udemy/app/public/wp-content/plugins/u-pizza/u-pizza.php(69): U_Pizza_Install::instance()
#1 /Users/maciejbialecki/Local Sites/udemy/app/public/wp-includes/class-wp-hook.php(307): init_plugin_pizza('')
#2 /Users/maciejbialecki/Local Sites/udemy/app/public/wp-includes/class-wp-hook.php(331): WP_Hook->apply_filters(NULL, Array)
#3 /Users/maciejbialecki/Local Sites/udemy/app/public/wp-includes/plugin.php(474): WP_Hook->do_action(Array)
#4 /Users/maciejbialecki/Local Sites/udemy/app/public/wp-settings.php(450): do_action('plugins_loaded')
#5 /Users/maciejbialecki/Local Sites/udemy/app/public/wp-config.php(91): require_once('/Users/maciejbi...')
#6 /Users/maciejbialecki/Local Sites/udemy/app/public/wp-load.php(50): require_once('/Users/maciejbi...')
#7 /Users/maciejbialecki/Local Sites/udemy/app/public/wp-blog-header.php in /Users/maciejbialecki/Local Sites/udemy/app/public/wp-content/plugins/u-pizza/u-pizza.php on line 52

2022-05-17T13:38:14+00:00 CRITICAL Uncaught Error: Undefined class constant 'instance' in /Users/maciejbialecki/Local Sites/udemy/app/public/wp-content/plugins/u-pizza/u-pizza.php:55
Stack trace:
#0 /Users/maciejbialecki/Local Sites/udemy/app/public/wp-content/plugins/u-pizza/u-pizza.php(72): U_Pizza_Install::instance()
#1 /Users/maciejbialecki/Local Sites/udemy/app/public/wp-includes/class-wp-hook.php(307): init_plugin_pizza('')
#2 /Users/maciejbialecki/Local Sites/udemy/app/public/wp-includes/class-wp-hook.php(331): WP_Hook->apply_filters(NULL, Array)
#3 /Users/maciejbialecki/Local Sites/udemy/app/public/wp-includes/plugin.php(474): WP_Hook->do_action(Array)
#4 /Users/maciejbialecki/Local Sites/udemy/app/public/wp-settings.php(450): do_action('plugins_loaded')
#5 /Users/maciejbialecki/Local Sites/udemy/app/public/wp-config.php(91): require_once('/Users/maciejbi...')
#6 /Users/maciejbialecki/Local Sites/udemy/app/public/wp-load.php(50): require_once('/Users/maciejbi...')
#7 /Users/maciejbialecki/Local Sites/udemy/app/public/wp-admin/admin.php in /Users/maciejbialecki/Local Sites/udemy/app/public/wp-content/plugins/u-pizza/u-pizza.php on line 55

2022-05-17T13:38:14+00:00 CRITICAL Uncaught Error: Undefined class constant 'instance' in /Users/maciejbialecki/Local Sites/udemy/app/public/wp-content/plugins/u-pizza/u-pizza.php:55
Stack trace:
#0 /Users/maciejbialecki/Local Sites/udemy/app/public/wp-content/plugins/u-pizza/u-pizza.php(72): U_Pizza_Install::instance()
#1 /Users/maciejbialecki/Local Sites/udemy/app/public/wp-includes/class-wp-hook.php(307): init_plugin_pizza('')
#2 /Users/maciejbialecki/Local Sites/udemy/app/public/wp-includes/class-wp-hook.php(331): WP_Hook->apply_filters(NULL, Array)
#3 /Users/maciejbialecki/Local Sites/udemy/app/public/wp-includes/plugin.php(474): WP_Hook->do_action(Array)
#4 /Users/maciejbialecki/Local Sites/udemy/app/public/wp-settings.php(450): do_action('plugins_loaded')
#5 /Users/maciejbialecki/Local Sites/udemy/app/public/wp-config.php(91): require_once('/Users/maciejbi...')
#6 /Users/maciejbialecki/Local Sites/udemy/app/public/wp-load.php(50): require_once('/Users/maciejbi...')
#7 /Users/maciejbialecki/Local Sites/udemy/app/public/wp-blog-header.php in /Users/maciejbialecki/Local Sites/udemy/app/public/wp-content/plugins/u-pizza/u-pizza.php on line 55

